app/build/outputs/logs/manifest-merger-debug-report.txt
-- Merging decision tree log ---
manifest
ADDED from src/main/AndroidManifest.xml:2:1-42:12
	xmlns:android
		ADDED from src/main/AndroidManifest.xml:2:11-69
	package
		ADDED from src/main/AndroidManifest.xml:3:5-35
		INJECTED from src/main/AndroidManifest.xml
		INJECTED from src/main/AndroidManifest.xml
	android:versionName
		ADDED from src/main/AndroidManifest.xml:5:5-30
		INJECTED from src/main/AndroidManifest.xml
		INJECTED from src/main/AndroidManifest.xml
	android:versionCode
		ADDED from src/main/AndroidManifest.xml:4:5-28
		INJECTED from src/main/AndroidManifest.xml
		INJECTED from src/main/AndroidManifest.xml
uses-sdk
ADDED from src/main/AndroidManifest.xml:7:5-9:41
	android:targetSdkVersion
		ADDED from src/main/AndroidManifest.xml:9:9-38
		INJECTED from src/main/AndroidManifest.xml
		INJECTED from src/main/AndroidManifest.xml
	android:minSdkVersion
		ADDED from src/main/AndroidManifest.xml:8:9-34
		INJECTED from src/main/AndroidManifest.xml
		INJECTED from src/main/AndroidManifest.xml
application
ADDED from src/main/AndroidManifest.xml:11:5-40:19
	android:label
		ADDED from src/main/AndroidManifest.xml:14:9-41
	android:allowBackup
		ADDED from src/main/AndroidManifest.xml:12:9-35
	android:icon
		ADDED from src/main/AndroidManifest.xml:13:9-45
	android:theme
		ADDED from src/main/AndroidManifest.xml:15:9-40
activity#com.cwp.cmoneycharge.Index
ADDED from src/main/AndroidManifest.xml:16:9-24:20
	android:label
		ADDED from src/main/AndroidManifest.xml:18:13-45
	android:name
		ADDED from src/main/AndroidManifest.xml:17:13-54
intent-filter#android.intent.action.MAIN+android.intent.category.LAUNCHER
ADDED from src/main/AndroidManifest.xml:19:13-23:29
action#android.intent.action.MAIN
ADDED from src/main/AndroidManifest.xml:20:17-69
	android:name
		ADDED from src/main/AndroidManifest.xml:20:25-66
category#android.intent.category.LAUNCHER
ADDED from src/main/AndroidManifest.xml:22:17-77
	android:name
		ADDED from src/main/AndroidManifest.xml:22:27-74
activity#com.cwp.cmoneycharge.About
ADDED from src/main/AndroidManifest.xml:26:9-42
	android:name
		ADDED from src/main/AndroidManifest.xml:26:19-40
activity#com.cwp.cmoneycharge.Account
ADDED from src/main/AndroidManifest.xml:27:9-44
	android:name
		ADDED from src/main/AndroidManifest.xml:27:19-42
activity#com.cwp.cmoneycharge.AddIncome
ADDED from src/main/AndroidManifest.xml:28:9-46
	android:name
		ADDED from src/main/AndroidManifest.xml:28:19-44
activity#com.cwp.cmoneycharge.AddNote
ADDED from src/main/AndroidManifest.xml:29:9-44
	android:name
		ADDED from src/main/AndroidManifest.xml:29:19-42
activity#com.cwp.cmoneycharge.AddPay
ADDED from src/main/AndroidManifest.xml:30:9-43
	android:name
		ADDED from src/main/AndroidManifest.xml:30:19-41
activity#com.cwp.cmoneycharge.Author
ADDED from src/main/AndroidManifest.xml:31:9-43
	android:name
		ADDED from src/main/AndroidManifest.xml:31:19-41
activity#com.cwp.cmoneycharge.ChangePwd
ADDED from src/main/AndroidManifest.xml:32:9-46
	android:name
		ADDED from src/main/AndroidManifest.xml:32:19-44
activity#com.cwp.cmoneycharge.Data
ADDED from src/main/AndroidManifest.xml:33:9-41
	android:name
		ADDED from src/main/AndroidManifest.xml:33:19-39
activity#com.cwp.cmoneycharge.Description
ADDED from src/main/AndroidManifest.xml:34:9-48
	android:name
		ADDED from src/main/AndroidManifest.xml:34:19-46
activity#com.cwp.cmoneycharge.Income
ADDED from src/main/AndroidManifest.xml:35:9-43
	android:name
		ADDED from src/main/AndroidManifest.xml:35:19-41
activity#com.cwp.cmoneycharge.IncomeData
ADDED from src/main/AndroidManifest.xml:36:9-47
	android:name
		ADDED from src/main/AndroidManifest.xml:36:19-45
activity#com.cwp.cmoneycharge.InPtypeManager
ADDED from src/main/AndroidManifest.xml:37:9-51
	android:name
		ADDED from src/main/AndroidManifest.xml:37:19-49
activity#com.cwp.cmoneycharge.Login
ADDED from src/main/AndroidManifest.xml:38:9-42
	android:name
		ADDED from src/main/AndroidManifest.xml:38:19-40
activity#com.cwp.cmoneycharge.Pay
ADDED from src/main/AndroidManifest.xml:39:9-40
	android:name
		ADDED from src/main/AndroidManifest.xml:39:19-38